yarn add v1.22.19
warning ../package.json: No license field
warning package-lock.json found. Your project contains lock files generated by tools other than Yarn. It is advised not to mix package managers in order to avoid resolution inconsistencies caused by unsynchronized lock files. To clear this warning, remove package-lock.json.
[1/4] Resolving packages...
warning @storybook/nextjs > @storybook/builder-webpack5 > fork-ts-checker-webpack-plugin > memfs@3.6.0: this will be v4
warning @storybook/nextjs > @storybook/builder-webpack5 > webpack-dev-middleware > memfs@3.6.0: this will be v4
[2/4] Fetching packages...
warning Pattern ["string-width@^4.1.0"] is trying to unpack in the same destination "/Users/marnyboardman/Library/Caches/Yarn/v6/npm-string-width-cjs-4.2.3-integrity/node_modules/string-width-cjs" as pattern ["string-width-cjs@npm:string-width@^4.2.0"]. This could result in non-deterministic behavior, skipping.
warning tailwind-variants@0.2.1: The engine "pnpm" appears to be invalid.
[3/4] Linking dependencies...
warning "@storybook/nextjs > babel-loader@9.1.3" has unmet peer dependency "webpack@>=5".
warning "@storybook/nextjs > @pmmmwh/react-refresh-webpack-plugin@0.5.11" has unmet peer dependency "webpack@>=4.43.0 <6.0.0".
warning "@storybook/nextjs > postcss-loader@7.3.4" has unmet peer dependency "webpack@^5.0.0".
warning "@storybook/nextjs > sass-loader@12.6.0" has unmet peer dependency "webpack@^5.0.0".
warning "@storybook/nextjs > style-loader@3.3.4" has unmet peer dependency "webpack@^5.0.0".
warning "@storybook/nextjs > node-polyfill-webpack-plugin@2.0.1" has unmet peer dependency "webpack@>=5".
[4/4] Building fresh packages...
error An unexpected error occurred: "/Users/marnyboardman/Websites/VS Code/my-project-nextjs-tailwind/node_modules/esbuild: Cannot find module 'pnpapi'
Require stack:
- /Users/marnyboardman/.cache/node/corepack/yarn/1.22.19/lib/cli.js
- /Users/marnyboardman/.cache/node/corepack/yarn/1.22.19/bin/yarn.js
Require stack:
- /Users/marnyboardman/.cache/node/corepack/yarn/1.22.19/lib/cli.js
- /Users/marnyboardman/.cache/node/corepack/yarn/1.22.19/bin/yarn.js".
info If you think this is a bug, please open a bug report with the information provided in "/Users/marnyboardman/Websites/VS Code/my-project-nextjs-tailwind/yarn-error.log".
info Visit https://yarnpkg.com/en/docs/cli/add for documentation about this command.
